2021-02-09 22:33:46,020:DEBUG:asyncio: Using selector: KqueueSelector
2021-02-09 22:33:46,028:WARNING:discord.client: PyNaCl is not installed, voice will NOT be supported
2021-02-09 22:33:46,028:DEBUG:robotina.bot_commands: Greetings initialized
2021-02-09 22:33:46,028:DEBUG:robotina.bot_commands: CommandErrorHandler initialized
2021-02-09 22:33:46,028:DEBUG:robotina.bot_commands: Status initialized
2021-02-09 22:33:46,029:DEBUG:robotina.bot_commands: Sounds initialized
2021-02-09 22:33:46,029:DEBUG:robotina.bot_commands: Tests initialized
2021-02-09 22:33:46,029:DEBUG:discord.client: on_ready has successfully been registered as an event
2021-02-09 22:33:46,029:INFO:discord.client: logging in using static token
2021-02-09 22:33:46,224:DEBUG:discord.http: GET https://discord.com/api/v7/users/@me with None has returned 200
2021-02-09 22:33:46,224:DEBUG:discord.http: GET https://discord.com/api/v7/users/@me has received {'id': '805302309558943755', 'username': 'robotina', 'avatar': '1a2416aa29f678f538930b7e009db547', 'discriminator': '2001', 'public_flags': 0, 'flags': 0, 'bot': True, 'locale': 'en-US', 'mfa_enabled': False, 'email': None, 'verified': True}
2021-02-09 22:33:46,250:DEBUG:discord.http: GET https://discord.com/api/v7/gateway with None has returned 200
2021-02-09 22:33:46,250:DEBUG:discord.http: GET https://discord.com/api/v7/gateway has received {'url': 'wss://gateway.discord.gg'}
2021-02-09 22:33:46,445:DEBUG:discord.gateway: Created websocket connected to wss://gateway.discord.gg?encoding=json&v=6&compress=zlib-stream
2021-02-09 22:33:46,446:DEBUG:discord.client: Dispatching event socket_raw_receive
2021-02-09 22:33:46,446:DEBUG:discord.gateway: For Shard ID None: WebSocket Event: {'t': None, 's': None, 'op': 10, 'd': {'heartbeat_interval': 41250, '_trace': ['["gateway-prd-main-845l",{"micros":0.0}]']}}
2021-02-09 22:33:46,446:DEBUG:discord.client: Dispatching event socket_response
2021-02-09 22:33:46,446:DEBUG:discord.client: Dispatching event socket_raw_send
2021-02-09 22:33:46,447:DEBUG:discord.client: Dispatching event socket_raw_send
2021-02-09 22:33:46,447:INFO:discord.gateway: Shard ID None has sent the IDENTIFY payload.
2021-02-09 22:33:46,494:DEBUG:discord.client: Dispatching event socket_raw_receive
2021-02-09 22:33:46,495:DEBUG:discord.gateway: For Shard ID None: WebSocket Event: {'t': None, 's': None, 'op': 11, 'd': None}
2021-02-09 22:33:46,495:DEBUG:discord.client: Dispatching event socket_response
2021-02-09 22:33:46,564:DEBUG:discord.client: Dispatching event socket_raw_receive
2021-02-09 22:33:46,564:DEBUG:discord.gateway: For Shard ID None: WebSocket Event: {'t': 'READY', 's': 1, 'op': 0, 'd': {'v': 6, 'user_settings': {}, 'user': {'verified': True, 'username': 'robotina', 'mfa_enabled': False, 'id': '805302309558943755', 'flags': 0, 'email': None, 'discriminator': '2001', 'bot': True, 'avatar': '1a2416aa29f678f538930b7e009db547'}, 'session_id': 'b9ffd192180879a92645638e0489b7e3', 'relationships': [], 'private_channels': [], 'presences': [], 'guilds': [{'unavailable': True, 'id': '805299627246878722'}], 'guild_join_requests': [], 'geo_ordered_rtc_regions': ['us-east', 'us-central', 'us-south', 'us-west', 'europe'], 'application': {'id': '805302309558943755', 'flags': 0}, '_trace': ['["gateway-prd-main-845l",{"micros":69775,"calls":["discord-sessions-prd-2-29",{"micros":67028,"calls":["start_session",{"micros":51547,"calls":["api-prd-main-pcmg",{"micros":48771,"calls":["get_user",{"micros":3450},"add_authorized_ip",{"micros":2142},"get_guilds",{"micros":9347},"coros_wait",{"micros":0}]}]},"guilds_connect",{"micros":2,"calls":[]},"presence_connect",{"micros":8179,"calls":[]}]}]}]']}}
2021-02-09 22:33:46,564:DEBUG:discord.client: Dispatching event socket_response
2021-02-09 22:33:46,564:INFO:discord.gateway: Shard ID None has connected to Gateway: ["gateway-prd-main-845l",{"micros":69775,"calls":["discord-sessions-prd-2-29",{"micros":67028,"calls":["start_session",{"micros":51547,"calls":["api-prd-main-pcmg",{"micros":48771,"calls":["get_user",{"micros":3450},"add_authorized_ip",{"micros":2142},"get_guilds",{"micros":9347},"coros_wait",{"micros":0}]}]},"guilds_connect",{"micros":2,"calls":[]},"presence_connect",{"micros":8179,"calls":[]}]}]}] (Session ID: b9ffd192180879a92645638e0489b7e3).
2021-02-09 22:33:46,574:DEBUG:discord.client: Dispatching event connect
2021-02-09 22:33:46,574:DEBUG:discord.client: Dispatching event socket_raw_receive
2021-02-09 22:33:46,574:DEBUG:discord.gateway: For Shard ID None: WebSocket Event: {'t': 'GUILD_CREATE', 's': 2, 'op': 0, 'd': {'description': None, 'rules_channel_id': None, 'member_count': 2, 'discovery_splash': None, 'roles': [{'position': 0, 'permissions_new': '104320577', 'permissions': 104320577, 'name': '@everyone', 'mentionable': False, 'managed': False, 'id': '805299627246878722', 'hoist': False, 'color': 0}, {'tags': {'bot_id': '805302309558943755'}, 'position': 1, 'permissions_new': '8', 'permissions': 8, 'name': 'robotina', 'mentionable': False, 'managed': True, 'id': '805303268665589811', 'hoist': False, 'color': 0}], 'max_members': 100000, 'verification_level': 0, 'premium_subscription_count': 0, 'default_message_notifications': 0, 'members': [{'user': {'username': 'robotina', 'id': '805302309558943755', 'discriminator': '2001', 'bot': True, 'avatar': '1a2416aa29f678f538930b7e009db547'}, 'roles': ['805303268665589811'], 'mute': False, 'joined_at': '2021-01-31T05:07:41.087000+00:00', 'hoisted_role': None, 'deaf': False}], 'premium_tier': 0, 'system_channel_flags': 0, 'presences': [], 'max_video_channel_users': 25, 'explicit_content_filter': 0, 'system_channel_id': '805299627729092609', 'name': 'Robotina', 'public_updates_channel_id': None, 'channels': [{'type': 4, 'position': 0, 'permission_overwrites': [], 'name': 'Text Channels', 'id': '805299627246878723'}, {'type': 4, 'position': 0, 'permission_overwrites': [], 'name': 'Voice Channels', 'id': '805299627729092608'}, {'type': 0, 'topic': None, 'rate_limit_per_user': 0, 'position': 0, 'permission_overwrites': [], 'parent_id': '805299627246878723', 'name': 'general', 'last_message_id': '805303271840677919', 'id': '805299627729092609'}, {'user_limit': 0, 'type': 2, 'position': 0, 'permission_overwrites': [], 'parent_id': '805299627729092608', 'name': 'General', 'id': '805299627729092610', 'bitrate': 64000}, {'type': 0, 'topic': None, 'rate_limit_per_user': 0, 'position': 1, 'permission_overwrites': [], 'parent_id': '805299627246878723', 'name': 'test-new-commands', 'last_message_id': '808902523032305675', 'id': '805301244167848008'}], 'preferred_locale': 'en-US', 'icon': 'b32d7ed27aaaee7b113533b1611ea8d4', 'lazy': True, 'unavailable': False, 'features': [], 'emojis': [], 'application_id': None, 'banner': None, 'guild_hashes': {'version': 1, 'roles': {'omitted': False, 'hash': 'jCnuK5r1F3E'}, 'metadata': {'omitted': False, 'hash': '8NbJvwnbkxQ'}, 'channels': {'omitted': False, 'hash': 'jYz8pYVD6tM'}}, 'voice_states': [], 'owner_id': '423614481600479246', 'joined_at': '2021-01-31T05:07:41.087000+00:00', 'splash': None, 'afk_channel_id': None, 'vanity_url_code': None, 'threads': [], 'id': '805299627246878722', 'region': 'us-east', 'afk_timeout': 300, 'large': False, 'mfa_level': 0}}
2021-02-09 22:33:46,574:DEBUG:discord.client: Dispatching event socket_response
2021-02-09 22:33:46,575:DEBUG:discord.client: Dispatching event guild_available
2021-02-09 22:33:48,581:DEBUG:discord.client: Dispatching event ready
2021-02-09 22:33:48,581:INFO:robotina.start: Robonita is ready
2021-02-09 22:33:53,134:DEBUG:discord.client: Dispatching event socket_raw_receive
2021-02-09 22:33:53,135:DEBUG:discord.gateway: For Shard ID None: WebSocket Event: {'t': 'MESSAGE_CREATE', 's': 3, 'op': 0, 'd': {'type': 0, 'tts': False, 'timestamp': '2021-02-10T03:33:53.210000+00:00', 'referenced_message': None, 'pinned': False, 'nonce': '808903541727952896', 'mentions': [], 'mention_roles': [], 'mention_everyone': False, 'member': {'roles': [], 'mute': False, 'joined_at': '2021-01-31T04:53:12.925000+00:00', 'hoisted_role': None, 'deaf': False}, 'id': '808903542403629066', 'flags': 0, 'embeds': [], 'edited_timestamp': None, 'content': '!play', 'channel_id': '805301244167848008', 'author': {'username': 'nacloud', 'public_flags': 0, 'id': '423614481600479246', 'discriminator': '8776', 'avatar': 'ca87e5a37d5ce12e476fe1d0fa845335'}, 'attachments': [], 'guild_id': '805299627246878722'}}
2021-02-09 22:33:53,135:DEBUG:discord.client: Dispatching event socket_response
2021-02-09 22:33:53,135:DEBUG:discord.client: Dispatching event message
2021-02-09 22:33:53,136:DEBUG:discord.client: Dispatching event command
2021-02-09 22:33:53,343:DEBUG:discord.http: POST https://discord.com/api/v7/channels/805301244167848008/messages with {"content":"Processing..."} has returned 200
2021-02-09 22:33:53,343:DEBUG:discord.http: POST https://discord.com/api/v7/channels/805301244167848008/messages has received {'id': '808903543200153630', 'type': 0, 'content': 'Processing...', 'channel_id': '805301244167848008', 'author': {'id': '805302309558943755', 'username': 'robotina', 'avatar': '1a2416aa29f678f538930b7e009db547', 'discriminator': '2001', 'public_flags': 0, 'bot': True}, 'attachments': [], 'embeds': [], 'mentions': [], 'mention_roles': [], 'pinned': False, 'mention_everyone': False, 'tts': False, 'timestamp': '2021-02-10T03:33:53.400000+00:00', 'edited_timestamp': None, 'flags': 0, 'referenced_message': None}
2021-02-09 22:33:53,356:INFO:robotina.sound: play_song subprocess <subprocess.Popen object at 0x101f38590>
2021-02-09 22:33:53,359:DEBUG:discord.client: Dispatching event socket_raw_receive
2021-02-09 22:33:53,359:DEBUG:discord.gateway: For Shard ID None: WebSocket Event: {'t': 'MESSAGE_CREATE', 's': 4, 'op': 0, 'd': {'type': 0, 'tts': False, 'timestamp': '2021-02-10T03:33:53.400000+00:00', 'referenced_message': None, 'pinned': False, 'mentions': [], 'mention_roles': [], 'mention_everyone': False, 'member': {'roles': ['805303268665589811'], 'mute': False, 'joined_at': '2021-01-31T05:07:41.087000+00:00', 'hoisted_role': None, 'deaf': False}, 'id': '808903543200153630', 'flags': 0, 'embeds': [], 'edited_timestamp': None, 'content': 'Processing...', 'channel_id': '805301244167848008', 'author': {'username': 'robotina', 'public_flags': 0, 'id': '805302309558943755', 'discriminator': '2001', 'bot': True, 'avatar': '1a2416aa29f678f538930b7e009db547'}, 'attachments': [], 'guild_id': '805299627246878722'}}
2021-02-09 22:33:53,359:DEBUG:discord.client: Dispatching event socket_response
2021-02-09 22:33:53,360:DEBUG:discord.client: Dispatching event message
2021-02-09 22:33:53,499:DEBUG:discord.client: Dispatching event socket_raw_receive
2021-02-09 22:33:53,500:DEBUG:discord.gateway: For Shard ID None: WebSocket Event: {'t': 'MESSAGE_CREATE', 's': 5, 'op': 0, 'd': {'type': 0, 'tts': False, 'timestamp': '2021-02-10T03:33:53.586000+00:00', 'referenced_message': None, 'pinned': False, 'mentions': [], 'mention_roles': [], 'mention_everyone': False, 'member': {'roles': ['805303268665589811'], 'mute': False, 'joined_at': '2021-01-31T05:07:41.087000+00:00', 'hoisted_role': None, 'deaf': False}, 'id': '808903543980556298', 'flags': 0, 'embeds': [], 'edited_timestamp': None, 'content': 'Playing synthwave_cool', 'channel_id': '805301244167848008', 'author': {'username': 'robotina', 'public_flags': 0, 'id': '805302309558943755', 'discriminator': '2001', 'bot': True, 'avatar': '1a2416aa29f678f538930b7e009db547'}, 'attachments': [], 'guild_id': '805299627246878722'}}
2021-02-09 22:33:53,500:DEBUG:discord.client: Dispatching event socket_response
2021-02-09 22:33:53,500:DEBUG:discord.client: Dispatching event message
2021-02-09 22:33:53,509:DEBUG:discord.http: POST https://discord.com/api/v7/channels/805301244167848008/messages with {"content":"Playing synthwave_cool"} has returned 200
2021-02-09 22:33:53,509:DEBUG:discord.http: POST https://discord.com/api/v7/channels/805301244167848008/messages has received {'id': '808903543980556298', 'type': 0, 'content': 'Playing synthwave_cool', 'channel_id': '805301244167848008', 'author': {'id': '805302309558943755', 'username': 'robotina', 'avatar': '1a2416aa29f678f538930b7e009db547', 'discriminator': '2001', 'public_flags': 0, 'bot': True}, 'attachments': [], 'embeds': [], 'mentions': [], 'mention_roles': [], 'pinned': False, 'mention_everyone': False, 'tts': False, 'timestamp': '2021-02-10T03:33:53.586000+00:00', 'edited_timestamp': None, 'flags': 0, 'referenced_message': None}
2021-02-09 22:33:53,510:DEBUG:discord.client: Dispatching event command_completion
2021-02-09 22:34:03,113:INFO:discord.client: Cleaning up tasks.
2021-02-09 22:34:03,114:INFO:discord.client: Cleaning up after 1 tasks.
2021-02-09 22:34:03,120:INFO:discord.client: All tasks finished cancelling.
2021-02-09 22:34:03,120:INFO:discord.client: Closing the event loop.
